<?xml version="1.0" encoding="UTF-8"?>
<!-- Generated by org.testng.reporters.JUnitXMLReporter -->
<testsuite ignored="0" hostname="DESKTOP-87I31C9" failures="0" tests="4" name="Test" time="0.106" errors="0" timestamp="2020-01-07T08:12:00 IST">
  <testcase classname="qaclickacademy.SeleniumTest" name="BrowserAutomation" time="0.011"/>
  <testcase classname="qaclickacademy.SeleniumTest" name="elementsUI" time="0.002"/>
  <testcase classname="qaclickacademy.RestAssuredAPITest" name="deleteTwitter" time="0.002"/>
  <testcase classname="qaclickacademy.RestAssuredAPITest" name="postJIRA" time="0.002"/>
</testsuite> <!-- Test -->
