<?xml version="1.0" encoding="UTF-8"?>
<testng-results ignored="0" total="4" passed="4" failed="0" skipped="0">
  <reporter-output>
  </reporter-output>
  <suite started-at="2020-01-07T08:11:59 IST" name="SmokeSuite" finished-at="2020-01-07T08:12:00 IST" duration-ms="106">
    <groups>
    </groups>
    <test started-at="2020-01-07T08:11:59 IST" name="Test" finished-at="2020-01-07T08:12:00 IST" duration-ms="106">
      <class name="qaclickacademy.RestAssuredAPITest">
        <test-method signature="deleteTwitter()[pri:0, instance:qaclickacademy.RestAssuredAPITest@6f27a732]" started-at="2020-01-07T08:12:00 IST" name="deleteTwitter" finished-at="2020-01-07T08:12:00 IST" duration-ms="2" status="PASS">
          <reporter-output>
          </reporter-output>
        </test-method> <!-- deleteTwitter -->
        <test-method signature="postJIRA()[pri:0, instance:qaclickacademy.RestAssuredAPITest@6f27a732]" started-at="2020-01-07T08:12:00 IST" name="postJIRA" finished-at="2020-01-07T08:12:00 IST" duration-ms="2" status="PASS">
          <reporter-output>
          </reporter-output>
        </test-method> <!-- postJIRA -->
      </class> <!-- qaclickacademy.RestAssuredAPITest -->
      <class name="qaclickacademy.SeleniumTest">
        <test-method signature="BrowserAutomation()[pri:0, instance:qaclickacademy.SeleniumTest@68e965f5]" started-at="2020-01-07T08:12:00 IST" name="BrowserAutomation" finished-at="2020-01-07T08:12:00 IST" duration-ms="11" status="PASS">
          <reporter-output>
          </reporter-output>
        </test-method> <!-- BrowserAutomation -->
        <test-method signature="elementsUI()[pri:0, instance:qaclickacademy.SeleniumTest@68e965f5]" started-at="2020-01-07T08:12:00 IST" name="elementsUI" finished-at="2020-01-07T08:12:00 IST" duration-ms="2" status="PASS">
          <reporter-output>
          </reporter-output>
        </test-method> <!-- elementsUI -->
      </class> <!-- qaclickacademy.SeleniumTest -->
    </test> <!-- Test -->
  </suite> <!-- SmokeSuite -->
</testng-results>
